# JRE version: OpenJDK Runtime Environment AdoptOpenJDK (11.0.10+9) (build 11.0.10+9)
# Java VM: OpenJDK 64-Bit Server VM AdoptOpenJDK (11.0.10+9, mixed mode, tiered, compressed oops, g1 gc, bsd-amd64)
Heap:
 garbage-first heap   total 262144K, used 72992K [0x0000000700000000, 0x0000000800000000)
  region size 1024K, 62 young (63488K), 6 survivors (6144K)
 Metaspace       used 33429K, capacity 34500K, committed 34688K, reserved 1079296K
  class space    used 3708K, capacity 4173K, committed 4224K, reserved 1048576K
GC Heap History (8 events):
Event: 0.753 GC heap before
{Heap before GC invocations=0 (full 0):
 garbage-first heap   total 262144K, used 23552K [0x0000000700000000, 0x0000000800000000)
  region size 1024K, 24 young (24576K), 0 survivors (0K)
 Metaspace       used 9939K, capacity 10056K, committed 10240K, reserved 1058816K
  class space    used 902K, capacity 943K, committed 1024K, reserved 1048576K
}
Event: 0.765 GC heap after
{Heap after GC invocations=1 (full 0):
 garbage-first heap   total 262144K, used 6926K [0x0000000700000000, 0x0000000800000000)
  region size 1024K, 3 young (3072K), 3 survivors (3072K)
 Metaspace       used 9939K, capacity 10056K, committed 10240K, reserved 1058816K
  class space    used 902K, capacity 943K, committed 1024K, reserved 1048576K
}
Event: 1.466 GC heap before
{Heap before GC invocations=1 (full 0):
 garbage-first heap   total 262144K, used 29454K [0x0000000700000000, 0x0000000800000000)
  region size 1024K, 25 young (25600K), 3 survivors (3072K)
 Metaspace       used 16157K, capacity 16739K, committed 17024K, reserved 1064960K
  class space    used 1658K, capacity 1906K, committed 1920K, reserved 1048576K
}
Event: 1.477 GC heap after
{Heap after GC invocations=2 (full 0):
 garbage-first heap   total 262144K, used 8079K [0x0000000700000000, 0x0000000800000000)
  region size 1024K, 2 young (2048K), 2 survivors (2048K)
 Metaspace       used 16157K, capacity 16739K, committed 17024K, reserved 1064960K
  class space    used 1658K, capacity 1906K, committed 1920K, reserved 1048576K
}
Event: 1.826 GC heap before
{Heap before GC invocations=2 (full 0):
 garbage-first heap   total 262144K, used 37775K [0x0000000700000000, 0x0000000800000000)
  region size 1024K, 32 young (32768K), 2 survivors (2048K)
 Metaspace       used 20363K, capacity 21052K, committed 21248K, reserved 1069056K
  class space    used 2223K, capacity 2516K, committed 2560K, reserved 1048576K
}
Event: 1.836 GC heap after
{Heap after GC invocations=3 (full 0):
 garbage-first heap   total 262144K, used 9163K [0x0000000700000000, 0x0000000800000000)
  region size 1024K, 3 young (3072K), 3 survivors (3072K)
 Metaspace       used 20363K, capacity 21052K, committed 21248K, reserved 1069056K
  class space    used 2223K, capacity 2516K, committed 2560K, reserved 1048576K
}
Event: 9.508 GC heap before
{Heap before GC invocations=4 (full 0):
 garbage-first heap   total 262144K, used 71627K [0x0000000700000000, 0x0000000800000000)
  region size 1024K, 59 young (60416K), 3 survivors (3072K)
 Metaspace       used 29870K, capacity 30897K, committed 31104K, reserved 1077248K
  class space    used 3437K, capacity 3858K, committed 3968K, reserved 1048576K
}
Event: 9.521 GC heap after
{Heap after GC invocations=5 (full 0):
 garbage-first heap   total 262144K, used 17696K [0x0000000700000000, 0x0000000800000000)
  region size 1024K, 6 young (6144K), 6 survivors (6144K)
 Metaspace       used 29870K, capacity 30897K, committed 31104K, reserved 1077248K
  class space    used 3437K, capacity 3858K, committed 3968K, reserved 1048576K
}

